<?xml version="1.0" encoding="utf-8"?><testsuites name="pytest tests"><testsuite name="pytest" errors="0" failures="1" skipped="0" tests="18" time="57.718" timestamp="2026-06-11T14:38:30.237456+00:00" hostname="agent-env-cae3deeb-d5b0-462c-861c-2ae57be7e359"><testcase classname="backend.tests.backend_test" name="test_health" time="0.266" /><testcase classname="backend.tests.backend_test" name="test_auth_me_unauthenticated" time="0.047" /><testcase classname="backend.tests.backend_test" name="test_auth_google_session_bogus" time="0.174" /><testcase classname="backend.tests.backend_test" name="test_auth_me_with_session" time="0.126" /><testcase classname="backend.tests.backend_test" name="test_profile_update" time="0.116" /><testcase classname="backend.tests.backend_test" name="test_resume_latest_empty" time="0.061" /><testcase classname="backend.tests.backend_test" name="test_careers_recommend" time="11.431" /><testcase classname="backend.tests.backend_test" name="test_careers_list_persisted" time="0.064" /><testcase classname="backend.tests.backend_test" name="test_skill_gap" time="11.522" /><testcase classname="backend.tests.backend_test" name="test_roadmap_flow" time="0.062"><failure message="AssertionError: {&quot;detail&quot;:[{&quot;type&quot;:&quot;string_type&quot;,&quot;loc&quot;:[&quot;body&quot;,&quot;months&quot;],&quot;msg&quot;:&quot;Input should be a valid string&quot;,&quot;input&quot;:3,&quot;url&quot;:&quot;https://errors.pydantic.dev/2.13/v/string_type&quot;}]}&#10;assert 422 == 200&#10; +  where 422 = &lt;Response [422]&gt;.status_code">backend/tests/backend_test.py:87: in test_roadmap_flow
    assert r.status_code == 200, r.text
E   AssertionError: {"detail":[{"type":"string_type","loc":["body","months"],"msg":"Input should be a valid string","input":3,"url":"https://errors.pydantic.dev/2.13/v/string_type"}]}
E   assert 422 == 200
E    +  where 422 = &lt;Response [422]&gt;.status_code</failure></testcase><testcase classname="backend.tests.backend_test" name="test_courses_search" time="0.444" /><testcase classname="backend.tests.backend_test" name="test_jobs_search" time="0.927" /><testcase classname="backend.tests.backend_test" name="test_portfolio_analyze" time="12.207" /><testcase classname="backend.tests.backend_test" name="test_trends" time="7.718" /><testcase classname="backend.tests.backend_test" name="test_salary_predict" time="7.699" /><testcase classname="backend.tests.backend_test" name="test_interview_start_and_answer" time="2.166" /><testcase classname="backend.tests.backend_test" name="test_chat_stream_sse" time="2.390" /><testcase classname="backend.tests.backend_test" name="test_progress" time="0.229" /></testsuite></testsuites>