<?xml version="1.0" encoding="utf-8"?><testsuites name="pytest tests"><testsuite name="pytest" errors="0" failures="1" skipped="1" tests="44" time="176.414" timestamp="2026-06-12T05:57:13.864389+00:00" hostname="agent-env-cae3deeb-d5b0-462c-861c-2ae57be7e359"><testcase classname="backend.tests.backend_test" name="test_health" time="0.154" /><testcase classname="backend.tests.backend_test" name="test_auth_me_unauthenticated" time="0.045" /><testcase classname="backend.tests.backend_test" name="test_auth_google_session_bogus" time="0.138" /><testcase classname="backend.tests.backend_test" name="test_auth_me_with_session" time="3.070" /><testcase classname="backend.tests.backend_test" name="test_profile_update" time="1.524" /><testcase classname="backend.tests.backend_test" name="test_resume_latest_empty" time="0.773" /><testcase classname="backend.tests.backend_test" name="test_careers_recommend" time="14.672" /><testcase classname="backend.tests.backend_test" name="test_careers_list_persisted" time="0.745" /><testcase classname="backend.tests.backend_test" name="test_skill_gap" time="14.044" /><testcase classname="backend.tests.backend_test" name="test_roadmap_flow" time="0.848"><failure message="AssertionError: Internal Server Error&#10;assert 500 == 200&#10; +  where 500 = &lt;Response [500]&gt;.status_code">backend/tests/backend_test.py:88: in test_roadmap_flow
    assert r.status_code == 200, r.text
E   AssertionError: Internal Server Error
E   assert 500 == 200
E    +  where 500 = &lt;Response [500]&gt;.status_code</failure></testcase><testcase classname="backend.tests.backend_test" name="test_courses_search" time="0.854" /><testcase classname="backend.tests.backend_test" name="test_jobs_search" time="1.394" /><testcase classname="backend.tests.backend_test" name="test_portfolio_analyze" time="11.930" /><testcase classname="backend.tests.backend_test" name="test_trends" time="18.897" /><testcase classname="backend.tests.backend_test" name="test_salary_predict" time="5.858" /><testcase classname="backend.tests.backend_test" name="test_interview_start_and_answer" time="5.759" /><testcase classname="backend.tests.backend_test" name="test_chat_stream_sse" time="4.930" /><testcase classname="backend.tests.backend_test" name="test_progress" time="1.594" /><testcase classname="backend.tests.test_v2_features" name="test_voice_interview_presets" time="0.522" /><testcase classname="backend.tests.test_v2_features" name="test_voice_interview_presets_requires_auth" time="0.050" /><testcase classname="backend.tests.test_v2_features" name="test_voice_interview_start" time="1.512" /><testcase classname="backend.tests.test_v2_features" name="test_voice_interview_get" time="0.752" /><testcase classname="backend.tests.test_v2_features" name="test_voice_interview_list" time="0.794" /><testcase classname="backend.tests.test_v2_features" name="test_voice_interview_answer_advances" time="1.716" /><testcase classname="backend.tests.test_v2_features" name="test_voice_tts_blocked_503" time="0.637" /><testcase classname="backend.tests.test_v2_features" name="test_voice_stt_deepgram" time="0.873" /><testcase classname="backend.tests.test_v2_features" name="test_code_evaluate" time="8.316" /><testcase classname="backend.tests.test_v2_features" name="test_resume_rewrite_no_resume" time="0.992" /><testcase classname="backend.tests.test_v2_features" name="test_resume_rewrite_with_resume" time="18.147" /><testcase classname="backend.tests.test_v2_features" name="test_career_twin_brief_and_get" time="13.031" /><testcase classname="backend.tests.test_v2_features" name="test_public_profile_publish_and_fetch" time="2.989" /><testcase classname="backend.tests.test_v2_features" name="test_public_profile_404" time="0.281" /><testcase classname="backend.tests.test_v2_features" name="test_public_career_pilot_14" time="0.234"><skipped type="pytest.skip" message="career-pilot-14 slug not seeded">/app/backend/tests/test_v2_features.py:243: career-pilot-14 slug not seeded</skipped></testcase><testcase classname="backend.tests.test_v3_features" name="test_chat_stream_qdrant_semantic_recall" time="8.030" /><testcase classname="backend.tests.test_v3_features" name="test_voice_interview_emotion_append" time="2.691" /><testcase classname="backend.tests.test_v3_features" name="test_voice_interview_emotion_requires_auth" time="0.043" /><testcase classname="backend.tests.test_v3_features" name="test_voice_interview_pdf_incomplete_returns_400" time="0.759" /><testcase classname="backend.tests.test_v3_features" name="test_voice_interview_pdf_complete_returns_pdf" time="1.261" /><testcase classname="backend.tests.test_v3_features" name="test_voice_interview_pdf_not_found" time="0.759" /><testcase classname="backend.tests.test_v3_features" name="test_stt_ws_rejects_missing_token" time="0.191" /><testcase classname="backend.tests.test_v3_features" name="test_stt_ws_accepts_valid_token" time="4.185" /><testcase classname="backend.tests.test_v4_features" name="test_chat_memory_persisted_in_mongo_atlas" time="6.267" /><testcase classname="backend.tests.test_v4_features" name="test_chat_stream_mongo_semantic_recall_rust_langgraph" time="8.642" /><testcase classname="backend.tests.test_v4_features" name="test_mongo_indexes_created_on_startup" time="5.379" /></testsuite></testsuites>