<?xml version="1.0" encoding="utf-8"?><testsuites name="pytest tests"><testsuite name="pytest" errors="0" failures="0" skipped="0" tests="8" time="21.848" timestamp="2026-06-11T15:28:46.346475+00:00" hostname="agent-env-cae3deeb-d5b0-462c-861c-2ae57be7e359"><testcase classname="backend.tests.test_v3_features" name="test_chat_stream_qdrant_semantic_recall" time="9.699" /><testcase classname="backend.tests.test_v3_features" name="test_voice_interview_emotion_append" time="2.466" /><testcase classname="backend.tests.test_v3_features" name="test_voice_interview_emotion_requires_auth" time="0.134" /><testcase classname="backend.tests.test_v3_features" name="test_voice_interview_pdf_incomplete_returns_400" time="0.766" /><testcase classname="backend.tests.test_v3_features" name="test_voice_interview_pdf_complete_returns_pdf" time="1.211" /><testcase classname="backend.tests.test_v3_features" name="test_voice_interview_pdf_not_found" time="0.768" /><testcase classname="backend.tests.test_v3_features" name="test_stt_ws_rejects_missing_token" time="0.251" /><testcase classname="backend.tests.test_v3_features" name="test_stt_ws_accepts_valid_token" time="6.523" /></testsuite></testsuites>