<?xml version="1.0" encoding="utf-8"?><testsuites name="pytest tests"><testsuite name="pytest" errors="0" failures="0" skipped="1" tests="15" time="30.198" timestamp="2026-06-11T15:00:47.760954+00:00" hostname="agent-env-cae3deeb-d5b0-462c-861c-2ae57be7e359"><testcase classname="backend.tests.test_v2_features" name="test_voice_interview_presets" time="0.261" /><testcase classname="backend.tests.test_v2_features" name="test_voice_interview_presets_requires_auth" time="0.174" /><testcase classname="backend.tests.test_v2_features" name="test_voice_interview_start" time="0.925" /><testcase classname="backend.tests.test_v2_features" name="test_voice_interview_get" time="0.046" /><testcase classname="backend.tests.test_v2_features" name="test_voice_interview_list" time="0.047" /><testcase classname="backend.tests.test_v2_features" name="test_voice_interview_answer_advances" time="0.778" /><testcase classname="backend.tests.test_v2_features" name="test_voice_tts_blocked_503" time="0.131" /><testcase classname="backend.tests.test_v2_features" name="test_voice_stt_deepgram" time="0.553" /><testcase classname="backend.tests.test_v2_features" name="test_code_evaluate" time="4.594" /><testcase classname="backend.tests.test_v2_features" name="test_resume_rewrite_no_resume" time="0.057" /><testcase classname="backend.tests.test_v2_features" name="test_resume_rewrite_with_resume" time="13.372" /><testcase classname="backend.tests.test_v2_features" name="test_career_twin_brief_and_get" time="9.006" /><testcase classname="backend.tests.test_v2_features" name="test_public_profile_publish_and_fetch" time="0.148" /><testcase classname="backend.tests.test_v2_features" name="test_public_profile_404" time="0.049" /><testcase classname="backend.tests.test_v2_features" name="test_public_career_pilot_14" time="0.009"><skipped type="pytest.skip" message="career-pilot-14 slug not seeded">/app/backend/tests/test_v2_features.py:243: career-pilot-14 slug not seeded</skipped></testcase></testsuite></testsuites>