<?xml version="1.0" encoding="utf-8"?><testsuites name="pytest tests"><testsuite name="pytest" errors="0" failures="0" skipped="1" tests="33" time="141.484" timestamp="2026-06-11T15:25:24.165661+00:00" hostname="agent-env-cae3deeb-d5b0-462c-861c-2ae57be7e359"><testcase classname="backend.tests.backend_test" name="test_health" time="0.143" /><testcase classname="backend.tests.backend_test" name="test_auth_me_unauthenticated" time="0.051" /><testcase classname="backend.tests.backend_test" name="test_auth_google_session_bogus" time="1.239" /><testcase classname="backend.tests.backend_test" name="test_auth_me_with_session" time="4.986" /><testcase classname="backend.tests.backend_test" name="test_profile_update" time="1.520" /><testcase classname="backend.tests.backend_test" name="test_resume_latest_empty" time="0.755" /><testcase classname="backend.tests.backend_test" name="test_careers_recommend" time="13.088" /><testcase classname="backend.tests.backend_test" name="test_careers_list_persisted" time="0.755" /><testcase classname="backend.tests.backend_test" name="test_skill_gap" time="14.130" /><testcase classname="backend.tests.backend_test" name="test_roadmap_flow" time="15.086" /><testcase classname="backend.tests.backend_test" name="test_courses_search" time="0.979" /><testcase classname="backend.tests.backend_test" name="test_jobs_search" time="1.409" /><testcase classname="backend.tests.backend_test" name="test_portfolio_analyze" time="12.377" /><testcase classname="backend.tests.backend_test" name="test_trends" time="10.985" /><testcase classname="backend.tests.backend_test" name="test_salary_predict" time="5.868" /><testcase classname="backend.tests.backend_test" name="test_interview_start_and_answer" time="4.343" /><testcase classname="backend.tests.backend_test" name="test_chat_stream_sse" time="3.740" /><testcase classname="backend.tests.backend_test" name="test_progress" time="1.562" /><testcase classname="backend.tests.test_v2_features" name="test_voice_interview_presets" time="0.518" /><testcase classname="backend.tests.test_v2_features" name="test_voice_interview_presets_requires_auth" time="0.050" /><testcase classname="backend.tests.test_v2_features" name="test_voice_interview_start" time="1.427" /><testcase classname="backend.tests.test_v2_features" name="test_voice_interview_get" time="0.748" /><testcase classname="backend.tests.test_v2_features" name="test_voice_interview_list" time="0.747" /><testcase classname="backend.tests.test_v2_features" name="test_voice_interview_answer_advances" time="1.737" /><testcase classname="backend.tests.test_v2_features" name="test_voice_tts_blocked_503" time="0.606" /><testcase classname="backend.tests.test_v2_features" name="test_voice_stt_deepgram" time="1.053" /><testcase classname="backend.tests.test_v2_features" name="test_code_evaluate" time="6.119" /><testcase classname="backend.tests.test_v2_features" name="test_resume_rewrite_no_resume" time="0.996" /><testcase classname="backend.tests.test_v2_features" name="test_resume_rewrite_with_resume" time="16.026" /><testcase classname="backend.tests.test_v2_features" name="test_career_twin_brief_and_get" time="12.602" /><testcase classname="backend.tests.test_v2_features" name="test_public_profile_publish_and_fetch" time="2.985" /><testcase classname="backend.tests.test_v2_features" name="test_public_profile_404" time="0.279" /><testcase classname="backend.tests.test_v2_features" name="test_public_career_pilot_14" time="2.522"><skipped type="pytest.skip" message="career-pilot-14 slug not seeded">/app/backend/tests/test_v2_features.py:243: career-pilot-14 slug not seeded</skipped></testcase></testsuite></testsuites>